  main.c
P:\D\6SEM\CS\labs\lab2\lab2\winsock_adaptation.h(101,43): warning C4229: устаревший элемент: пропуск модификаторов для данных
P:\D\6SEM\CS\labs\lab2\lab2\winsock_adaptation.h(105,26): warning C4305: инициализация: усечение из "__int64" в "unsigned long"
P:\D\6SEM\CS\labs\lab2\lab2\ipx.h(192,10): warning C4013: close: нет определения; предполагается "extern" с возвратом типа "int"
P:\D\6SEM\CS\labs\lab2\lab2\ipx.h(204,20): warning C4229: устаревший элемент: пропуск модификаторов для данных
P:\D\6SEM\CS\labs\lab2\lab2\ipx.h(223,16): warning C4477: "printf": в строке форматирования "%X" требуется аргумент типа "unsigned int", но вариативный аргумент "1" имеет тип "SOCKET"
P:\D\6SEM\CS\labs\lab2\lab2\ipx.h(223,16): message : рекомендуется использовать "%llX" в строке форматирования
P:\D\6SEM\CS\labs\lab2\lab2\ipx.h(223,16): message : рекомендуется использовать "%IX" в строке форматирования
P:\D\6SEM\CS\labs\lab2\lab2\ipx.h(223,16): message : рекомендуется использовать "%I64X" в строке форматирования
P:\D\6SEM\CS\labs\lab2\lab2\ipx.h(253,20): warning C4229: устаревший элемент: пропуск модификаторов для данных
P:\D\6SEM\CS\labs\lab2\lab2\ipx.h(278,16): warning C4477: "printf": в строке форматирования "%X" требуется аргумент типа "unsigned int", но вариативный аргумент "1" имеет тип "SOCKET"
P:\D\6SEM\CS\labs\lab2\lab2\ipx.h(278,16): message : рекомендуется использовать "%llX" в строке форматирования
P:\D\6SEM\CS\labs\lab2\lab2\ipx.h(278,16): message : рекомендуется использовать "%IX" в строке форматирования
P:\D\6SEM\CS\labs\lab2\lab2\ipx.h(278,16): message : рекомендуется использовать "%I64X" в строке форматирования
P:\D\6SEM\CS\labs\lab2\lab2\ipx.h(324,20): warning C4229: устаревший элемент: пропуск модификаторов для данных
P:\D\6SEM\CS\labs\lab2\lab2\ipx.h(342,16): warning C4477: "printf": в строке форматирования "%X" требуется аргумент типа "unsigned int", но вариативный аргумент "1" имеет тип "SOCKET"
P:\D\6SEM\CS\labs\lab2\lab2\ipx.h(342,16): message : рекомендуется использовать "%llX" в строке форматирования
P:\D\6SEM\CS\labs\lab2\lab2\ipx.h(342,16): message : рекомендуется использовать "%IX" в строке форматирования
P:\D\6SEM\CS\labs\lab2\lab2\ipx.h(342,16): message : рекомендуется использовать "%I64X" в строке форматирования
P:\D\6SEM\CS\labs\lab2\lab2\ipx.h(388,20): warning C4229: устаревший элемент: пропуск модификаторов для данных
P:\D\6SEM\CS\labs\lab2\lab2\ipx.h(413,16): warning C4477: "printf": в строке форматирования "%X" требуется аргумент типа "unsigned int", но вариативный аргумент "1" имеет тип "SOCKET"
P:\D\6SEM\CS\labs\lab2\lab2\ipx.h(413,16): message : рекомендуется использовать "%llX" в строке форматирования
P:\D\6SEM\CS\labs\lab2\lab2\ipx.h(413,16): message : рекомендуется использовать "%IX" в строке форматирования
P:\D\6SEM\CS\labs\lab2\lab2\ipx.h(413,16): message : рекомендуется использовать "%I64X" в строке форматирования
P:\D\6SEM\CS\labs\lab2\lab2\ipx.h(391,25): warning C4101: recvaddr: неиспользованная локальная переменная
P:\D\6SEM\CS\labs\lab2\lab2\spx.h(26,39): warning C4133: функция: несовместимые типы - из "char *" в "LPCWSTR"
P:\D\6SEM\CS\labs\lab2\lab2\spx.h(12,11): warning C4101: file: неиспользованная локальная переменная
P:\D\6SEM\CS\labs\lab2\lab2\spx.h(195,11): warning C4477: "printf": в строке форматирования "%i" требуется аргумент типа "int", но вариативный аргумент "1" имеет тип "SOCKET"
P:\D\6SEM\CS\labs\lab2\lab2\spx.h(195,11): message : рекомендуется использовать "%lli" в строке форматирования
P:\D\6SEM\CS\labs\lab2\lab2\spx.h(195,11): message : рекомендуется использовать "%Ii" в строке форматирования
P:\D\6SEM\CS\labs\lab2\lab2\spx.h(195,11): message : рекомендуется использовать "%I64i" в строке форматирования
P:\D\6SEM\CS\labs\lab2\lab2\spx.h(198,12): warning C4477: "printf": в строке форматирования "%i" требуется аргумент типа "int", но вариативный аргумент "1" имеет тип "SOCKET"
P:\D\6SEM\CS\labs\lab2\lab2\spx.h(198,12): message : рекомендуется использовать "%lli" в строке форматирования
P:\D\6SEM\CS\labs\lab2\lab2\spx.h(198,12): message : рекомендуется использовать "%Ii" в строке форматирования
P:\D\6SEM\CS\labs\lab2\lab2\spx.h(198,12): message : рекомендуется использовать "%I64i" в строке форматирования
P:\D\6SEM\CS\labs\lab2\lab2\spx.h(209,20): warning C4229: устаревший элемент: пропуск модификаторов для данных
P:\D\6SEM\CS\labs\lab2\lab2\spx.h(239,16): warning C4477: "printf": в строке форматирования "%X" требуется аргумент типа "unsigned int", но вариативный аргумент "1" имеет тип "SOCKET"
P:\D\6SEM\CS\labs\lab2\lab2\spx.h(239,16): message : рекомендуется использовать "%llX" в строке форматирования
P:\D\6SEM\CS\labs\lab2\lab2\spx.h(239,16): message : рекомендуется использовать "%IX" в строке форматирования
P:\D\6SEM\CS\labs\lab2\lab2\spx.h(239,16): message : рекомендуется использовать "%I64X" в строке форматирования
P:\D\6SEM\CS\labs\lab2\lab2\spx.h(279,27): warning C4244: =: преобразование "SOCKET" в "unsigned int", возможна потеря данных
P:\D\6SEM\CS\labs\lab2\lab2\spx.h(294,27): warning C4267: =: преобразование из "size_t" в "int"; возможна потеря данных
P:\D\6SEM\CS\labs\lab2\lab2\spx.h(296,16): warning C4477: "printf": в строке форматирования "%i" требуется аргумент типа "int", но вариативный аргумент "1" имеет тип "SOCKET"
P:\D\6SEM\CS\labs\lab2\lab2\spx.h(296,16): message : рекомендуется использовать "%lli" в строке форматирования
P:\D\6SEM\CS\labs\lab2\lab2\spx.h(296,16): message : рекомендуется использовать "%Ii" в строке форматирования
P:\D\6SEM\CS\labs\lab2\lab2\spx.h(296,16): message : рекомендуется использовать "%I64i" в строке форматирования
P:\D\6SEM\CS\labs\lab2\lab2\spx.h(329,20): warning C4229: устаревший элемент: пропуск модификаторов для данных
P:\D\6SEM\CS\labs\lab2\lab2\spx.h(355,16): warning C4477: "printf": в строке форматирования "%X" требуется аргумент типа "unsigned int", но вариативный аргумент "1" имеет тип "SOCKET"
P:\D\6SEM\CS\labs\lab2\lab2\spx.h(355,16): message : рекомендуется использовать "%llX" в строке форматирования
P:\D\6SEM\CS\labs\lab2\lab2\spx.h(355,16): message : рекомендуется использовать "%IX" в строке форматирования
P:\D\6SEM\CS\labs\lab2\lab2\spx.h(355,16): message : рекомендуется использовать "%I64X" в строке форматирования
P:\D\6SEM\CS\labs\lab2\lab2\winsock_adaptation.h(139): warning C4716: ws_connect: должна возвращать значение
P:\D\6SEM\CS\labs\lab2\lab2\winsock_adaptation.h(146): warning C4716: ws_accept: должна возвращать значение
P:\D\6SEM\CS\labs\lab2\lab2\ipx.h(318): warning C4716: _ipx_client: должна возвращать значение
  lab2.vcxproj -> P:\D\6SEM\CS\labs\lab2\lab2\x64\Debug\lab2.exe
